Analysis & Synthesis report for Restador
Tue Mar 11 22:33:22 2025
Quartus Prime Version 18.1.0 Build 625 09/12/2018 SJ Lite Edition


---------------------
; Table of Contents ;
---------------------
  1. Legal Notice
  2. Analysis & Synthesis Summary
  3. Analysis & Synthesis Settings
  4. Parallel Compilation
  5. Analysis & Synthesis Source Files Read
  6. Analysis & Synthesis Resource Usage Summary
  7. Analysis & Synthesis Resource Utilization by Entity
  8. General Register Statistics
  9. Parameter Settings for User Entity Instance: Top-level Entity: |ContadorRegresivo
 10. Port Connectivity Checks: "Restador:substractor[9].r1"
 11. Port Connectivity Checks: "Restador:substractor[8].r1"
 12. Port Connectivity Checks: "Restador:substractor[7].r1"
 13. Port Connectivity Checks: "Restador:substractor[6].r1"
 14. Port Connectivity Checks: "Restador:substractor[5].r1"
 15. Port Connectivity Checks: "Restador:substractor[4].r1"
 16. Port Connectivity Checks: "Restador:substractor[3].r1"
 17. Port Connectivity Checks: "Restador:substractor[2].r1"
 18. Port Connectivity Checks: "Restador:substractor[1].r1"
 19. Port Connectivity Checks: "Restador:substractor[0].r1"
 20. Post-Synthesis Netlist Statistics for Top Partition
 21. Elapsed Time Per Partition
 22. Analysis & Synthesis Messages



----------------
; Legal Notice ;
----------------
Copyright (C) 2018  Intel Corporation. All rights reserved.
Your use of Intel Corporation's design tools, logic functions 
and other software and tools, and its AMPP partner logic 
functions, and any output files from any of the foregoing 
(including device programming or simulation files), and any 
associated documentation or information are expressly subject 
to the terms and conditions of the Intel Program License 
Subscription Agreement, the Intel Quartus Prime License Agreement,
the Intel FPGA IP License Agreement, or other applicable license
agreement, including, without limitation, that your use is for
the sole purpose of programming logic devices manufactured by
Intel and sold by Intel or its authorized distributors.  Please
refer to the applicable agreement for further details.



+-------------------------------------------------------------------------------+
; Analysis & Synthesis Summary                                                  ;
+---------------------------------+---------------------------------------------+
; Analysis & Synthesis Status     ; Successful - Tue Mar 11 22:33:22 2025       ;
; Quartus Prime Version           ; 18.1.0 Build 625 09/12/2018 SJ Lite Edition ;
; Revision Name                   ; Restador                                    ;
; Top-level Entity Name           ; ContadorRegresivo                           ;
; Family                          ; Cyclone V                                   ;
; Logic utilization (in ALMs)     ; N/A                                         ;
; Total registers                 ; 10                                          ;
; Total pins                      ; 22                                          ;
; Total virtual pins              ; 0                                           ;
; Total block memory bits         ; 0                                           ;
; Total DSP Blocks                ; 0                                           ;
; Total HSSI RX PCSs              ; 0                                           ;
; Total HSSI PMA RX Deserializers ; 0                                           ;
; Total HSSI TX PCSs              ; 0                                           ;
; Total HSSI PMA TX Serializers   ; 0                                           ;
; Total PLLs                      ; 0                                           ;
; Total DLLs                      ; 0                                           ;
+---------------------------------+---------------------------------------------+


+---------------------------------------------------------------------------------------------------------------------------+
; Analysis & Synthesis Settings                                                                                             ;
+---------------------------------------------------------------------------------+--------------------+--------------------+
; Option                                                                          ; Setting            ; Default Value      ;
+---------------------------------------------------------------------------------+--------------------+--------------------+
; Device                                                                          ; 5CSXFC6D6F31C6     ;                    ;
; Top-level entity name                                                           ; ContadorRegresivo  ; Restador           ;
; Family name                                                                     ; Cyclone V          ; Cyclone V          ;
; Use smart compilation                                                           ; Off                ; Off                ;
; Enable parallel Assembler and Timing Analyzer during compilation                ; On                 ; On                 ;
; Enable compact report table                                                     ; Off                ; Off                ;
; Restructure Multiplexers                                                        ; Auto               ; Auto               ;
; MLAB Add Timing Constraints For Mixed-Port Feed-Through Mode Setting Don't Care ; Off                ; Off                ;
; Create Debugging Nodes for IP Cores                                             ; Off                ; Off                ;
; Preserve fewer node names                                                       ; On                 ; On                 ;
; Intel FPGA IP Evaluation Mode                                                   ; Enable             ; Enable             ;
; Verilog Version                                                                 ; Verilog_2001       ; Verilog_2001       ;
; VHDL Version                                                                    ; VHDL_1993          ; VHDL_1993          ;
; State Machine Processing                                                        ; Auto               ; Auto               ;
; Safe State Machine                                                              ; Off                ; Off                ;
; Extract Verilog State Machines                                                  ; On                 ; On                 ;
; Extract VHDL State Machines                                                     ; On                 ; On                 ;
; Ignore Verilog initial constructs                                               ; Off                ; Off                ;
; Iteration limit for constant Verilog loops                                      ; 5000               ; 5000               ;
; Iteration limit for non-constant Verilog loops                                  ; 250                ; 250                ;
; Add Pass-Through Logic to Inferred RAMs                                         ; On                 ; On                 ;
; Infer RAMs from Raw Logic                                                       ; On                 ; On                 ;
; Parallel Synthesis                                                              ; On                 ; On                 ;
; DSP Block Balancing                                                             ; Auto               ; Auto               ;
; NOT Gate Push-Back                                                              ; On                 ; On                 ;
; Power-Up Don't Care                                                             ; On                 ; On                 ;
; Remove Redundant Logic Cells                                                    ; Off                ; Off                ;
; Remove Duplicate Registers                                                      ; On                 ; On                 ;
; Ignore CARRY Buffers                                                            ; Off                ; Off                ;
; Ignore CASCADE Buffers                                                          ; Off                ; Off                ;
; Ignore GLOBAL Buffers                                                           ; Off                ; Off                ;
; Ignore ROW GLOBAL Buffers                                                       ; Off                ; Off                ;
; Ignore LCELL Buffers                                                            ; Off                ; Off                ;
; Ignore SOFT Buffers                                                             ; On                 ; On                 ;
; Limit AHDL Integers to 32 Bits                                                  ; Off                ; Off                ;
; Optimization Technique                                                          ; Balanced           ; Balanced           ;
; Carry Chain Length                                                              ; 70                 ; 70                 ;
; Auto Carry Chains                                                               ; On                 ; On                 ;
; Auto Open-Drain Pins                                                            ; On                 ; On                 ;
; Perform WYSIWYG Primitive Resynthesis                                           ; Off                ; Off                ;
; Auto ROM Replacement                                                            ; On                 ; On                 ;
; Auto RAM Replacement                                                            ; On                 ; On                 ;
; Auto DSP Block Replacement                                                      ; On                 ; On                 ;
; Auto Shift Register Replacement                                                 ; Auto               ; Auto               ;
; Allow Shift Register Merging across Hierarchies                                 ; Auto               ; Auto               ;
; Auto Clock Enable Replacement                                                   ; On                 ; On                 ;
; Strict RAM Replacement                                                          ; Off                ; Off                ;
; Allow Synchronous Control Signals                                               ; On                 ; On                 ;
; Force Use of Synchronous Clear Signals                                          ; Off                ; Off                ;
; Auto Resource Sharing                                                           ; Off                ; Off                ;
; Allow Any RAM Size For Recognition                                              ; Off                ; Off                ;
; Allow Any ROM Size For Recognition                                              ; Off                ; Off                ;
; Allow Any Shift Register Size For Recognition                                   ; Off                ; Off                ;
; Use LogicLock Constraints during Resource Balancing                             ; On                 ; On                 ;
; Ignore translate_off and synthesis_off directives                               ; Off                ; Off                ;
; Timing-Driven Synthesis                                                         ; On                 ; On                 ;
; Report Parameter Settings                                                       ; On                 ; On                 ;
; Report Source Assignments                                                       ; On                 ; On                 ;
; Report Connectivity Checks                                                      ; On                 ; On                 ;
; Ignore Maximum Fan-Out Assignments                                              ; Off                ; Off                ;
; Synchronization Register Chain Length                                           ; 3                  ; 3                  ;
; Power Optimization During Synthesis                                             ; Normal compilation ; Normal compilation ;
; HDL message level                                                               ; Level2             ; Level2             ;
; Suppress Register Optimization Related Messages                                 ; Off                ; Off                ;
; Number of Removed Registers Reported in Synthesis Report                        ; 5000               ; 5000               ;
; Number of Swept Nodes Reported in Synthesis Report                              ; 5000               ; 5000               ;
; Number of Inverted Registers Reported in Synthesis Report                       ; 100                ; 100                ;
; Clock MUX Protection                                                            ; On                 ; On                 ;
; Auto Gated Clock Conversion                                                     ; Off                ; Off                ;
; Block Design Naming                                                             ; Auto               ; Auto               ;
; SDC constraint protection                                                       ; Off                ; Off                ;
; Synthesis Effort                                                                ; Auto               ; Auto               ;
; Shift Register Replacement - Allow Asynchronous Clear Signal                    ; On                 ; On                 ;
; Pre-Mapping Resynthesis Optimization                                            ; Off                ; Off                ;
; Analysis & Synthesis Message Level                                              ; Medium             ; Medium             ;
; Disable Register Merging Across Hierarchies                                     ; Auto               ; Auto               ;
; Resource Aware Inference For Block RAM                                          ; On                 ; On                 ;
; Automatic Parallel Synthesis                                                    ; On                 ; On                 ;
; Partial Reconfiguration Bitstream ID                                            ; Off                ; Off                ;
+---------------------------------------------------------------------------------+--------------------+--------------------+


+------------------------------------------+
; Parallel Compilation                     ;
+----------------------------+-------------+
; Processors                 ; Number      ;
+----------------------------+-------------+
; Number detected on machine ; 8           ;
; Maximum allowed            ; 4           ;
;                            ;             ;
; Average used               ; 1.00        ;
; Maximum used               ; 4           ;
;                            ;             ;
; Usage by Processor         ; % Time Used ;
;     Processor 1            ; 100.0%      ;
;     Processors 2-4         ;   0.0%      ;
+----------------------------+-------------+


+-----------------------------------------------------------------------------------------------------------------------------------------------------------------------------------------------------------------------+
; Analysis & Synthesis Source Files Read                                                                                                                                                                                ;
+----------------------------------+-----------------+------------------------------+-------------------------------------------------------------------------------------------------------------------------+---------+
; File Name with User-Entered Path ; Used in Netlist ; File Type                    ; File Name with Absolute Path                                                                                            ; Library ;
+----------------------------------+-----------------+------------------------------+-------------------------------------------------------------------------------------------------------------------------+---------+
; Restador.sv                      ; yes             ; User SystemVerilog HDL File  ; C:/Users/eboli/Documents/Github/ejbm10_Striker2785_danyazunigab_digital_design_lab_2025/Problema_3/Restador.sv          ;         ;
; and_gate.sv                      ; yes             ; User SystemVerilog HDL File  ; C:/Users/eboli/Documents/Github/ejbm10_Striker2785_danyazunigab_digital_design_lab_2025/Problema_3/and_gate.sv          ;         ;
; or_gate3.sv                      ; yes             ; User SystemVerilog HDL File  ; C:/Users/eboli/Documents/Github/ejbm10_Striker2785_danyazunigab_digital_design_lab_2025/Problema_3/or_gate3.sv          ;         ;
; or_gate4.sv                      ; yes             ; User SystemVerilog HDL File  ; C:/Users/eboli/Documents/Github/ejbm10_Striker2785_danyazunigab_digital_design_lab_2025/Problema_3/or_gate4.sv          ;         ;
; and_gate3.sv                     ; yes             ; User SystemVerilog HDL File  ; C:/Users/eboli/Documents/Github/ejbm10_Striker2785_danyazunigab_digital_design_lab_2025/Problema_3/and_gate3.sv         ;         ;
; not_gate.sv                      ; yes             ; User SystemVerilog HDL File  ; C:/Users/eboli/Documents/Github/ejbm10_Striker2785_danyazunigab_digital_design_lab_2025/Problema_3/not_gate.sv          ;         ;
; ContadorRegresivo.sv             ; yes             ; User SystemVerilog HDL File  ; C:/Users/eboli/Documents/Github/ejbm10_Striker2785_danyazunigab_digital_design_lab_2025/Problema_3/ContadorRegresivo.sv ;         ;
+----------------------------------+-----------------+------------------------------+-------------------------------------------------------------------------------------------------------------------------+---------+


+---------------------------------------------------------------+
; Analysis & Synthesis Resource Usage Summary                   ;
+---------------------------------------------+-----------------+
; Resource                                    ; Usage           ;
+---------------------------------------------+-----------------+
; Estimate of Logic utilization (ALMs needed) ; 20              ;
;                                             ;                 ;
; Combinational ALUT usage for logic          ; 39              ;
;     -- 7 input functions                    ; 0               ;
;     -- 6 input functions                    ; 1               ;
;     -- 5 input functions                    ; 2               ;
;     -- 4 input functions                    ; 19              ;
;     -- <=3 input functions                  ; 17              ;
;                                             ;                 ;
; Dedicated logic registers                   ; 10              ;
;                                             ;                 ;
; I/O pins                                    ; 22              ;
;                                             ;                 ;
; Total DSP Blocks                            ; 0               ;
;                                             ;                 ;
; Maximum fan-out node                        ; rst_async~input ;
; Maximum fan-out                             ; 30              ;
; Total fan-out                               ; 202             ;
; Average fan-out                             ; 2.17            ;
+---------------------------------------------+-----------------+


+------------------------------------------------------------------------------------------------------------------------------------------------------------------------------------------------------------------------------------------+
; Analysis & Synthesis Resource Utilization by Entity                                                                                                                                                                                      ;
+---------------------------------+---------------------+---------------------------+-------------------+------------+------+--------------+------------------------------------------------------------+-------------------+--------------+
; Compilation Hierarchy Node      ; Combinational ALUTs ; Dedicated Logic Registers ; Block Memory Bits ; DSP Blocks ; Pins ; Virtual Pins ; Full Hierarchy Name                                        ; Entity Name       ; Library Name ;
+---------------------------------+---------------------+---------------------------+-------------------+------------+------+--------------+------------------------------------------------------------+-------------------+--------------+
; |ContadorRegresivo              ; 39 (38)             ; 10 (10)                   ; 0                 ; 0          ; 22   ; 0            ; |ContadorRegresivo                                         ; ContadorRegresivo ; work         ;
;    |Restador:substractor[1].r1| ; 1 (0)               ; 0 (0)                     ; 0                 ; 0          ; 0    ; 0            ; |ContadorRegresivo|Restador:substractor[1].r1              ; Restador          ; work         ;
;       |or_gate4:or2|            ; 1 (1)               ; 0 (0)                     ; 0                 ; 0          ; 0    ; 0            ; |ContadorRegresivo|Restador:substractor[1].r1|or_gate4:or2 ; or_gate4          ; work         ;
+---------------------------------+---------------------+---------------------------+-------------------+------------+------+--------------+------------------------------------------------------------+-------------------+--------------+
Note: For table entries with two numbers listed, the numbers in parentheses indicate the number of resources of the given type used by the specific entity alone. The numbers listed outside of parentheses indicate the total resources of the given type used by the specific entity and all of its sub-entities in the hierarchy.


+------------------------------------------------------+
; General Register Statistics                          ;
+----------------------------------------------+-------+
; Statistic                                    ; Value ;
+----------------------------------------------+-------+
; Total registers                              ; 10    ;
; Number of registers using Synchronous Clear  ; 0     ;
; Number of registers using Synchronous Load   ; 0     ;
; Number of registers using Asynchronous Clear ; 10    ;
; Number of registers using Asynchronous Load  ; 0     ;
; Number of registers using Clock Enable       ; 2     ;
; Number of registers using Preset             ; 0     ;
+----------------------------------------------+-------+


+-----------------------------------------------------------------------------------+
; Parameter Settings for User Entity Instance: Top-level Entity: |ContadorRegresivo ;
+----------------+-------+----------------------------------------------------------+
; Parameter Name ; Value ; Type                                                     ;
+----------------+-------+----------------------------------------------------------+
; N              ; 10    ; Signed Integer                                           ;
+----------------+-------+----------------------------------------------------------+
Note: In order to hide this table in the UI and the text report file, please set the "Show Parameter Settings in Synthesis Report" option in "Analysis and Synthesis Settings -> More Settings" to "Off".


+----------------------------------------------------------------------------------------------------------------+
; Port Connectivity Checks: "Restador:substractor[9].r1"                                                         ;
+------+--------+----------+-------------------------------------------------------------------------------------+
; Port ; Type   ; Severity ; Details                                                                             ;
+------+--------+----------+-------------------------------------------------------------------------------------+
; b    ; Input  ; Info     ; Stuck at GND                                                                        ;
; bo   ; Output ; Info     ; Connected to dangling logic. Logic that only feeds a dangling port will be removed. ;
+------+--------+----------+-------------------------------------------------------------------------------------+


+--------------------------------------------------------+
; Port Connectivity Checks: "Restador:substractor[8].r1" ;
+------+-------+----------+------------------------------+
; Port ; Type  ; Severity ; Details                      ;
+------+-------+----------+------------------------------+
; b    ; Input ; Info     ; Stuck at GND                 ;
+------+-------+----------+------------------------------+


+--------------------------------------------------------+
; Port Connectivity Checks: "Restador:substractor[7].r1" ;
+------+-------+----------+------------------------------+
; Port ; Type  ; Severity ; Details                      ;
+------+-------+----------+------------------------------+
; b    ; Input ; Info     ; Stuck at GND                 ;
+------+-------+----------+------------------------------+


+--------------------------------------------------------+
; Port Connectivity Checks: "Restador:substractor[6].r1" ;
+------+-------+----------+------------------------------+
; Port ; Type  ; Severity ; Details                      ;
+------+-------+----------+------------------------------+
; b    ; Input ; Info     ; Stuck at GND                 ;
+------+-------+----------+------------------------------+


+--------------------------------------------------------+
; Port Connectivity Checks: "Restador:substractor[5].r1" ;
+------+-------+----------+------------------------------+
; Port ; Type  ; Severity ; Details                      ;
+------+-------+----------+------------------------------+
; b    ; Input ; Info     ; Stuck at GND                 ;
+------+-------+----------+------------------------------+


+--------------------------------------------------------+
; Port Connectivity Checks: "Restador:substractor[4].r1" ;
+------+-------+----------+------------------------------+
; Port ; Type  ; Severity ; Details                      ;
+------+-------+----------+------------------------------+
; b    ; Input ; Info     ; Stuck at GND                 ;
+------+-------+----------+------------------------------+


+--------------------------------------------------------+
; Port Connectivity Checks: "Restador:substractor[3].r1" ;
+------+-------+----------+------------------------------+
; Port ; Type  ; Severity ; Details                      ;
+------+-------+----------+------------------------------+
; b    ; Input ; Info     ; Stuck at GND                 ;
+------+-------+----------+------------------------------+


+--------------------------------------------------------+
; Port Connectivity Checks: "Restador:substractor[2].r1" ;
+------+-------+----------+------------------------------+
; Port ; Type  ; Severity ; Details                      ;
+------+-------+----------+------------------------------+
; b    ; Input ; Info     ; Stuck at GND                 ;
+------+-------+----------+------------------------------+


+--------------------------------------------------------+
; Port Connectivity Checks: "Restador:substractor[1].r1" ;
+------+-------+----------+------------------------------+
; Port ; Type  ; Severity ; Details                      ;
+------+-------+----------+------------------------------+
; b    ; Input ; Info     ; Stuck at GND                 ;
+------+-------+----------+------------------------------+


+--------------------------------------------------------+
; Port Connectivity Checks: "Restador:substractor[0].r1" ;
+------+-------+----------+------------------------------+
; Port ; Type  ; Severity ; Details                      ;
+------+-------+----------+------------------------------+
; b    ; Input ; Info     ; Stuck at VCC                 ;
; cin  ; Input ; Info     ; Stuck at GND                 ;
+------+-------+----------+------------------------------+


+-----------------------------------------------------+
; Post-Synthesis Netlist Statistics for Top Partition ;
+-----------------------+-----------------------------+
; Type                  ; Count                       ;
+-----------------------+-----------------------------+
; arriav_ff             ; 10                          ;
;     CLR               ; 8                           ;
;     ENA CLR           ; 2                           ;
; arriav_lcell_comb     ; 39                          ;
;     normal            ; 39                          ;
;         2 data inputs ; 5                           ;
;         3 data inputs ; 12                          ;
;         4 data inputs ; 19                          ;
;         5 data inputs ; 2                           ;
;         6 data inputs ; 1                           ;
; boundary_port         ; 22                          ;
;                       ;                             ;
; Max LUT depth         ; 4.00                        ;
; Average LUT depth     ; 3.18                        ;
+-----------------------+-----------------------------+


+-------------------------------+
; Elapsed Time Per Partition    ;
+----------------+--------------+
; Partition Name ; Elapsed Time ;
+----------------+--------------+
; Top            ; 00:00:00     ;
+----------------+--------------+


+-------------------------------+
; Analysis & Synthesis Messages ;
+-------------------------------+
Info: *******************************************************************
Info: Running Quartus Prime Analysis & Synthesis
    Info: Version 18.1.0 Build 625 09/12/2018 SJ Lite Edition
    Info: Processing started: Tue Mar 11 22:33:12 2025
Info: Command: quartus_map --read_settings_files=on --write_settings_files=off Restador -c Restador
Warning (18236): Number of processors has not been specified which may cause overloading on shared machines.  Set the global assignment NUM_PARALLEL_PROCESSORS in your QSF to an appropriate value for best performance.
Info (20030): Parallel compilation is enabled and will use 4 of the 4 processors detected
Info (12021): Found 1 design units, including 1 entities, in source file restador.sv
    Info (12023): Found entity 1: Restador File: C:/Users/eboli/Documents/Github/ejbm10_Striker2785_danyazunigab_digital_design_lab_2025/Problema_3/Restador.sv Line: 7
Info (12021): Found 1 design units, including 1 entities, in source file and_gate.sv
    Info (12023): Found entity 1: and_gate File: C:/Users/eboli/Documents/Github/ejbm10_Striker2785_danyazunigab_digital_design_lab_2025/Problema_3/and_gate.sv Line: 1
Info (12021): Found 1 design units, including 1 entities, in source file or_gate3.sv
    Info (12023): Found entity 1: or_gate3 File: C:/Users/eboli/Documents/Github/ejbm10_Striker2785_danyazunigab_digital_design_lab_2025/Problema_3/or_gate3.sv Line: 1
Info (12021): Found 1 design units, including 1 entities, in source file or_gate4.sv
    Info (12023): Found entity 1: or_gate4 File: C:/Users/eboli/Documents/Github/ejbm10_Striker2785_danyazunigab_digital_design_lab_2025/Problema_3/or_gate4.sv Line: 1
Info (12021): Found 1 design units, including 1 entities, in source file and_gate3.sv
    Info (12023): Found entity 1: and_gate3 File: C:/Users/eboli/Documents/Github/ejbm10_Striker2785_danyazunigab_digital_design_lab_2025/Problema_3/and_gate3.sv Line: 1
Info (12021): Found 1 design units, including 1 entities, in source file not_gate.sv
    Info (12023): Found entity 1: not_gate File: C:/Users/eboli/Documents/Github/ejbm10_Striker2785_danyazunigab_digital_design_lab_2025/Problema_3/not_gate.sv Line: 1
Info (12021): Found 1 design units, including 1 entities, in source file contadorregresivo.sv
    Info (12023): Found entity 1: ContadorRegresivo File: C:/Users/eboli/Documents/Github/ejbm10_Striker2785_danyazunigab_digital_design_lab_2025/Problema_3/ContadorRegresivo.sv Line: 1
Info (12021): Found 1 design units, including 1 entities, in source file contadorregresivo_tb_2bits.sv
    Info (12023): Found entity 1: ContadorRegresivo_tb_2bits File: C:/Users/eboli/Documents/Github/ejbm10_Striker2785_danyazunigab_digital_design_lab_2025/Problema_3/ContadorRegresivo_tb_2bits.sv Line: 1
Info (12021): Found 1 design units, including 1 entities, in source file contadorregresivo_tb_4bits.sv
    Info (12023): Found entity 1: ContadorRegresivo_tb_4bits File: C:/Users/eboli/Documents/Github/ejbm10_Striker2785_danyazunigab_digital_design_lab_2025/Problema_3/ContadorRegresivo_tb_4bits.sv Line: 1
Info (12021): Found 1 design units, including 1 entities, in source file contadorregresivo_tb_6bits.sv
    Info (12023): Found entity 1: ContadorRegresivo_tb_6bits File: C:/Users/eboli/Documents/Github/ejbm10_Striker2785_danyazunigab_digital_design_lab_2025/Problema_3/ContadorRegresivo_tb_6bits.sv Line: 1
Info (12127): Elaborating entity "ContadorRegresivo" for the top level hierarchy
Info (12128): Elaborating entity "Restador" for hierarchy "Restador:substractor[0].r1" File: C:/Users/eboli/Documents/Github/ejbm10_Striker2785_danyazunigab_digital_design_lab_2025/Problema_3/ContadorRegresivo.sv Line: 19
Info (12128): Elaborating entity "not_gate" for hierarchy "Restador:substractor[0].r1|not_gate:not1" File: C:/Users/eboli/Documents/Github/ejbm10_Striker2785_danyazunigab_digital_design_lab_2025/Problema_3/Restador.sv Line: 22
Info (12128): Elaborating entity "and_gate" for hierarchy "Restador:substractor[0].r1|and_gate:and1" File: C:/Users/eboli/Documents/Github/ejbm10_Striker2785_danyazunigab_digital_design_lab_2025/Problema_3/Restador.sv Line: 38
Info (12128): Elaborating entity "or_gate3" for hierarchy "Restador:substractor[0].r1|or_gate3:or1" File: C:/Users/eboli/Documents/Github/ejbm10_Striker2785_danyazunigab_digital_design_lab_2025/Problema_3/Restador.sv Line: 57
Info (12128): Elaborating entity "and_gate3" for hierarchy "Restador:substractor[0].r1|and_gate3:and4" File: C:/Users/eboli/Documents/Github/ejbm10_Striker2785_danyazunigab_digital_design_lab_2025/Problema_3/Restador.sv Line: 64
Info (12128): Elaborating entity "or_gate4" for hierarchy "Restador:substractor[0].r1|or_gate4:or2" File: C:/Users/eboli/Documents/Github/ejbm10_Striker2785_danyazunigab_digital_design_lab_2025/Problema_3/Restador.sv Line: 93
Warning (13004): Presettable and clearable registers converted to equivalent circuits with latches. Registers power-up to an undefined state, and DEVCLRn places the registers in an undefined state.
    Warning (13310): Register "count[0]~reg0" is converted into an equivalent circuit using register "count[0]~reg0_emulated" and latch "count[0]~1" File: C:/Users/eboli/Documents/Github/ejbm10_Striker2785_danyazunigab_digital_design_lab_2025/Problema_3/ContadorRegresivo.sv Line: 26
    Warning (13310): Register "count[1]~reg0" is converted into an equivalent circuit using register "count[1]~reg0_emulated" and latch "count[1]~5" File: C:/Users/eboli/Documents/Github/ejbm10_Striker2785_danyazunigab_digital_design_lab_2025/Problema_3/ContadorRegresivo.sv Line: 26
    Warning (13310): Register "count[2]~reg0" is converted into an equivalent circuit using register "count[2]~reg0_emulated" and latch "count[2]~9" File: C:/Users/eboli/Documents/Github/ejbm10_Striker2785_danyazunigab_digital_design_lab_2025/Problema_3/ContadorRegresivo.sv Line: 26
    Warning (13310): Register "count[3]~reg0" is converted into an equivalent circuit using register "count[3]~reg0_emulated" and latch "count[3]~13" File: C:/Users/eboli/Documents/Github/ejbm10_Striker2785_danyazunigab_digital_design_lab_2025/Problema_3/ContadorRegresivo.sv Line: 26
    Warning (13310): Register "count[4]~reg0" is converted into an equivalent circuit using register "count[4]~reg0_emulated" and latch "count[4]~17" File: C:/Users/eboli/Documents/Github/ejbm10_Striker2785_danyazunigab_digital_design_lab_2025/Problema_3/ContadorRegresivo.sv Line: 26
    Warning (13310): Register "count[5]~reg0" is converted into an equivalent circuit using register "count[5]~reg0_emulated" and latch "count[5]~21" File: C:/Users/eboli/Documents/Github/ejbm10_Striker2785_danyazunigab_digital_design_lab_2025/Problema_3/ContadorRegresivo.sv Line: 26
    Warning (13310): Register "count[6]~reg0" is converted into an equivalent circuit using register "count[6]~reg0_emulated" and latch "count[6]~25" File: C:/Users/eboli/Documents/Github/ejbm10_Striker2785_danyazunigab_digital_design_lab_2025/Problema_3/ContadorRegresivo.sv Line: 26
    Warning (13310): Register "count[7]~reg0" is converted into an equivalent circuit using register "count[7]~reg0_emulated" and latch "count[7]~29" File: C:/Users/eboli/Documents/Github/ejbm10_Striker2785_danyazunigab_digital_design_lab_2025/Problema_3/ContadorRegresivo.sv Line: 26
    Warning (13310): Register "count[8]~reg0" is converted into an equivalent circuit using register "count[8]~reg0_emulated" and latch "count[8]~33" File: C:/Users/eboli/Documents/Github/ejbm10_Striker2785_danyazunigab_digital_design_lab_2025/Problema_3/ContadorRegresivo.sv Line: 26
    Warning (13310): Register "count[9]~reg0" is converted into an equivalent circuit using register "count[9]~reg0_emulated" and latch "count[9]~37" File: C:/Users/eboli/Documents/Github/ejbm10_Striker2785_danyazunigab_digital_design_lab_2025/Problema_3/ContadorRegresivo.sv Line: 26
Info (286030): Timing-Driven Synthesis is running
Info (16010): Generating hard_block partition "hard_block:auto_generated_inst"
    Info (16011): Adding 0 node(s), including 0 DDIO, 0 PLL, 0 transceiver and 0 LCELL
Info (21057): Implemented 61 device resources after synthesis - the final resource count might be different
    Info (21058): Implemented 12 input pins
    Info (21059): Implemented 10 output pins
    Info (21061): Implemented 39 logic cells
Info: Quartus Prime Analysis & Synthesis was successful. 0 errors, 12 warnings
    Info: Peak virtual memory: 4828 megabytes
    Info: Processing ended: Tue Mar 11 22:33:22 2025
    Info: Elapsed time: 00:00:10
    Info: Total CPU time (on all processors): 00:00:20


