Flow report for Sumador4Bits
Sun Mar  9 14:49:38 2025
Quartus Prime Version 22.1std.2 Build 922 07/20/2023 SC Lite Edition


---------------------
; Table of Contents ;
---------------------
  1. Legal Notice
  2. Flow Summary
  3. Flow Settings
  4. Flow Non-Default Global Settings
  5. Flow Elapsed Time
  6. Flow OS Summary
  7. Flow Log
  8. Flow Messages
  9. Flow Suppressed Messages



----------------
; Legal Notice ;
----------------
Copyright (C) 2023  Intel Corporation. All rights reserved.
Your use of Intel Corporation's design tools, logic functions 
and other software and tools, and any partner logic 
functions, and any output files from any of the foregoing 
(including device programming or simulation files), and any 
associated documentation or information are expressly subject 
to the terms and conditions of the Intel Program License 
Subscription Agreement, the Intel Quartus Prime License Agreement,
the Intel FPGA IP License Agreement, or other applicable license
agreement, including, without limitation, that your use is for
the sole purpose of programming logic devices manufactured by
Intel and sold by Intel or its authorized distributors.  Please
refer to the applicable agreement for further details, at
https://fpgasoftware.intel.com/eula.



+----------------------------------------------------------------------------------+
; Flow Summary                                                                     ;
+---------------------------------+------------------------------------------------+
; Flow Status                     ; Successful - Sun Mar  9 14:49:38 2025          ;
; Quartus Prime Version           ; 22.1std.2 Build 922 07/20/2023 SC Lite Edition ;
; Revision Name                   ; Sumador4Bits                                   ;
; Top-level Entity Name           ; FourBitAdder_FPGA                              ;
; Family                          ; Cyclone V                                      ;
; Device                          ; 5CGXFC7C7F23C8                                 ;
; Timing Models                   ; Final                                          ;
; Logic utilization (in ALMs)     ; 7 / 56,480 ( < 1 % )                           ;
; Total registers                 ; 0                                              ;
; Total pins                      ; 17 / 268 ( 6 % )                               ;
; Total virtual pins              ; 0                                              ;
; Total block memory bits         ; 0 / 7,024,640 ( 0 % )                          ;
; Total DSP Blocks                ; 0 / 156 ( 0 % )                                ;
; Total HSSI RX PCSs              ; 0 / 6 ( 0 % )                                  ;
; Total HSSI PMA RX Deserializers ; 0 / 6 ( 0 % )                                  ;
; Total HSSI TX PCSs              ; 0 / 6 ( 0 % )                                  ;
; Total HSSI PMA TX Serializers   ; 0 / 6 ( 0 % )                                  ;
; Total PLLs                      ; 0 / 13 ( 0 % )                                 ;
; Total DLLs                      ; 0 / 4 ( 0 % )                                  ;
+---------------------------------+------------------------------------------------+


+-----------------------------------------+
; Flow Settings                           ;
+-------------------+---------------------+
; Option            ; Setting             ;
+-------------------+---------------------+
; Start date & time ; 03/09/2025 14:48:55 ;
; Main task         ; Compilation         ;
; Revision Name     ; Sumador4Bits        ;
+-------------------+---------------------+


+------------------------------------------------------------------------------------------------------------------------------------+
; Flow Non-Default Global Settings                                                                                                   ;
+--------------------------------------+----------------------------------------+---------------+-------------------+----------------+
; Assignment Name                      ; Value                                  ; Default Value ; Entity Name       ; Section Id     ;
+--------------------------------------+----------------------------------------+---------------+-------------------+----------------+
; COMPILER_SIGNATURE_ID                ; 10995770589205.174155333517792         ; --            ; --                ; --             ;
; EDA_DESIGN_INSTANCE_NAME             ; NA                                     ; --            ; --                ; Prueba         ;
; EDA_NATIVELINK_SIMULATION_TEST_BENCH ; Prueba                                 ; --            ; --                ; eda_simulation ;
; EDA_OUTPUT_DATA_FORMAT               ; Verilog Hdl                            ; --            ; --                ; eda_simulation ;
; EDA_SIMULATION_TOOL                  ; ModelSim (Verilog)                     ; <None>        ; --                ; --             ;
; EDA_TEST_BENCH_ENABLE_STATUS         ; TEST_BENCH_MODE                        ; --            ; --                ; eda_simulation ;
; EDA_TEST_BENCH_FILE                  ; FourBitAdder_tb.vhd                    ; --            ; --                ; Prueba         ;
; EDA_TEST_BENCH_MODULE_NAME           ; Prueba                                 ; --            ; --                ; Prueba         ;
; EDA_TEST_BENCH_NAME                  ; Prueba                                 ; --            ; --                ; eda_simulation ;
; EDA_TIME_SCALE                       ; 1 ps                                   ; --            ; --                ; eda_simulation ;
; MAX_CORE_JUNCTION_TEMP               ; 85                                     ; --            ; --                ; --             ;
; MIN_CORE_JUNCTION_TEMP               ; 0                                      ; --            ; --                ; --             ;
; PARTITION_COLOR                      ; -- (Not supported for targeted family) ; --            ; FourBitAdder_FPGA ; Top            ;
; PARTITION_FITTER_PRESERVATION_LEVEL  ; -- (Not supported for targeted family) ; --            ; FourBitAdder_FPGA ; Top            ;
; PARTITION_NETLIST_TYPE               ; -- (Not supported for targeted family) ; --            ; FourBitAdder_FPGA ; Top            ;
; POWER_BOARD_THERMAL_MODEL            ; None (CONSERVATIVE)                    ; --            ; --                ; --             ;
; POWER_PRESET_COOLING_SOLUTION        ; 23 MM HEAT SINK WITH 200 LFPM AIRFLOW  ; --            ; --                ; --             ;
; PROJECT_OUTPUT_DIRECTORY             ; output_files                           ; --            ; --                ; --             ;
; TOP_LEVEL_ENTITY                     ; FourBitAdder_FPGA                      ; Sumador4Bits  ; --                ; --             ;
+--------------------------------------+----------------------------------------+---------------+-------------------+----------------+


+--------------------------------------------------------------------------------------------------------------------------+
; Flow Elapsed Time                                                                                                        ;
+----------------------+--------------+-------------------------+---------------------+------------------------------------+
; Module Name          ; Elapsed Time ; Average Processors Used ; Peak Virtual Memory ; Total CPU Time (on all processors) ;
+----------------------+--------------+-------------------------+---------------------+------------------------------------+
; Analysis & Synthesis ; 00:00:07     ; 1.0                     ; 4872 MB             ; 00:00:07                           ;
; Fitter               ; 00:00:22     ; 1.0                     ; 6646 MB             ; 00:00:29                           ;
; Assembler            ; 00:00:05     ; 1.0                     ; 4870 MB             ; 00:00:05                           ;
; Timing Analyzer      ; 00:00:04     ; 1.0                     ; 5159 MB             ; 00:00:03                           ;
; EDA Netlist Writer   ; 00:00:00     ; 1.0                     ; 4746 MB             ; 00:00:01                           ;
; Total                ; 00:00:38     ; --                      ; --                  ; 00:00:45                           ;
+----------------------+--------------+-------------------------+---------------------+------------------------------------+


+------------------------------------------------------------------------------------+
; Flow OS Summary                                                                    ;
+----------------------+------------------+------------+------------+----------------+
; Module Name          ; Machine Hostname ; OS Name    ; OS Version ; Processor type ;
+----------------------+------------------+------------+------------+----------------+
; Analysis & Synthesis ; LAPTOP-54OJQVA9  ; Windows 10 ; 10.0       ; x86_64         ;
; Fitter               ; LAPTOP-54OJQVA9  ; Windows 10 ; 10.0       ; x86_64         ;
; Assembler            ; LAPTOP-54OJQVA9  ; Windows 10 ; 10.0       ; x86_64         ;
; Timing Analyzer      ; LAPTOP-54OJQVA9  ; Windows 10 ; 10.0       ; x86_64         ;
; EDA Netlist Writer   ; LAPTOP-54OJQVA9  ; Windows 10 ; 10.0       ; x86_64         ;
+----------------------+------------------+------------+------------+----------------+


------------
; Flow Log ;
------------
quartus_map --read_settings_files=on --write_settings_files=off Sumador4Bits -c Sumador4Bits
quartus_fit --read_settings_files=off --write_settings_files=off Sumador4Bits -c Sumador4Bits
quartus_asm --read_settings_files=off --write_settings_files=off Sumador4Bits -c Sumador4Bits
quartus_sta Sumador4Bits -c Sumador4Bits
quartus_eda --read_settings_files=off --write_settings_files=off Sumador4Bits -c Sumador4Bits



